27.4.2024, 14:51:54 - INFO - Server is running on http://localhost:3030
27.4.2024, 14:56:11 - INFO - Server is running on http://localhost:3030
27.4.2024, 14:56:18 - INFO - Retrieved bugs successfully | [{"_id":"P68xy2","title":"silverfish ","severity":2,"createdAt":1714058333990},{"_id":"X59s3k","title":"beetle hornet ","severity":1,"createdAt":1714058333991},{"_id":"x55PUj","title":"termite blackwidow ","severity":3,"createdAt":1714058333991},{"_id":"nO2UZJ","title":"gnat crabspider ","severity":2,"createdAt":1714058333991},{"_id":"oy99NH","title":"blackwidow ","severity":3,"createdAt":1714058333991},{"_id":"mDmgJN","title":"orbweaver ","severity":2,"createdAt":1714058333991},{"_id":"9FGXdd","title":"aphid bug ","severity":3,"createdAt":1714058333991},{"_id":"aFTFao","title":"hobo moth ","severity":1,"createdAt":1714058333991},{"_id":"q0RDnw","title":"mantis orbweaver ","severity":1,"createdAt":1714058333991}]
27.4.2024, 16:03:19 - INFO - Server is running on http://localhost:3030
27.4.2024, 16:03:24 - INFO - Retrieved bugs successfully | [{"_id":"P68xy2","title":"silverfish ","severity":2,"createdAt":1714058333990},{"_id":"X59s3k","title":"beetle hornet ","severity":1,"createdAt":1714058333991},{"_id":"x55PUj","title":"termite blackwidow ","severity":3,"createdAt":1714058333991},{"_id":"nO2UZJ","title":"gnat crabspider ","severity":2,"createdAt":1714058333991},{"_id":"oy99NH","title":"blackwidow ","severity":3,"createdAt":1714058333991},{"_id":"mDmgJN","title":"orbweaver ","severity":2,"createdAt":1714058333991},{"_id":"9FGXdd","title":"aphid bug ","severity":3,"createdAt":1714058333991},{"_id":"aFTFao","title":"hobo moth ","severity":1,"createdAt":1714058333991},{"_id":"q0RDnw","title":"mantis orbweaver ","severity":1,"createdAt":1714058333991}]
27.4.2024, 16:03:43 - INFO - Retrieved bugs successfully | [{"_id":"P68xy2","title":"silverfish ","severity":2,"createdAt":1714058333990},{"_id":"X59s3k","title":"beetle hornet ","severity":1,"createdAt":1714058333991},{"_id":"x55PUj","title":"termite blackwidow ","severity":3,"createdAt":1714058333991},{"_id":"nO2UZJ","title":"gnat crabspider ","severity":2,"createdAt":1714058333991},{"_id":"oy99NH","title":"blackwidow ","severity":3,"createdAt":1714058333991},{"_id":"mDmgJN","title":"orbweaver ","severity":2,"createdAt":1714058333991},{"_id":"9FGXdd","title":"aphid bug ","severity":3,"createdAt":1714058333991},{"_id":"aFTFao","title":"hobo moth ","severity":1,"createdAt":1714058333991},{"_id":"q0RDnw","title":"mantis orbweaver ","severity":1,"createdAt":1714058333991}]
27.4.2024, 16:03:43 - INFO - Retrieved bugs successfully | [{"_id":"P68xy2","title":"silverfish ","severity":2,"createdAt":1714058333990},{"_id":"X59s3k","title":"beetle hornet ","severity":1,"createdAt":1714058333991},{"_id":"x55PUj","title":"termite blackwidow ","severity":3,"createdAt":1714058333991},{"_id":"nO2UZJ","title":"gnat crabspider ","severity":2,"createdAt":1714058333991},{"_id":"oy99NH","title":"blackwidow ","severity":3,"createdAt":1714058333991},{"_id":"mDmgJN","title":"orbweaver ","severity":2,"createdAt":1714058333991},{"_id":"9FGXdd","title":"aphid bug ","severity":3,"createdAt":1714058333991},{"_id":"aFTFao","title":"hobo moth ","severity":1,"createdAt":1714058333991},{"_id":"q0RDnw","title":"mantis orbweaver ","severity":1,"createdAt":1714058333991}]
27.4.2024, 16:04:13 - INFO - Retrieved bugs successfully | [{"_id":"P68xy2","title":"silverfish ","severity":2,"createdAt":1714058333990},{"_id":"X59s3k","title":"beetle hornet ","severity":1,"createdAt":1714058333991},{"_id":"x55PUj","title":"termite blackwidow ","severity":3,"createdAt":1714058333991},{"_id":"nO2UZJ","title":"gnat crabspider ","severity":2,"createdAt":1714058333991},{"_id":"oy99NH","title":"blackwidow ","severity":3,"createdAt":1714058333991},{"_id":"mDmgJN","title":"orbweaver ","severity":2,"createdAt":1714058333991},{"_id":"9FGXdd","title":"aphid bug ","severity":3,"createdAt":1714058333991},{"_id":"aFTFao","title":"hobo moth ","severity":1,"createdAt":1714058333991},{"_id":"q0RDnw","title":"mantis orbweaver ","severity":1,"createdAt":1714058333991}]
27.4.2024, 16:04:13 - INFO - Retrieved bugs successfully | [{"_id":"P68xy2","title":"silverfish ","severity":2,"createdAt":1714058333990},{"_id":"X59s3k","title":"beetle hornet ","severity":1,"createdAt":1714058333991},{"_id":"x55PUj","title":"termite blackwidow ","severity":3,"createdAt":1714058333991},{"_id":"nO2UZJ","title":"gnat crabspider ","severity":2,"createdAt":1714058333991},{"_id":"oy99NH","title":"blackwidow ","severity":3,"createdAt":1714058333991},{"_id":"mDmgJN","title":"orbweaver ","severity":2,"createdAt":1714058333991},{"_id":"9FGXdd","title":"aphid bug ","severity":3,"createdAt":1714058333991},{"_id":"aFTFao","title":"hobo moth ","severity":1,"createdAt":1714058333991},{"_id":"q0RDnw","title":"mantis orbweaver ","severity":1,"createdAt":1714058333991}]
27.4.2024, 16:05:02 - INFO - Retrieved bugs successfully | [{"_id":"P68xy2","title":"silverfish ","severity":2,"createdAt":1714058333990},{"_id":"X59s3k","title":"beetle hornet ","severity":1,"createdAt":1714058333991},{"_id":"x55PUj","title":"termite blackwidow ","severity":3,"createdAt":1714058333991},{"_id":"nO2UZJ","title":"gnat crabspider ","severity":2,"createdAt":1714058333991},{"_id":"oy99NH","title":"blackwidow ","severity":3,"createdAt":1714058333991},{"_id":"mDmgJN","title":"orbweaver ","severity":2,"createdAt":1714058333991},{"_id":"9FGXdd","title":"aphid bug ","severity":3,"createdAt":1714058333991},{"_id":"aFTFao","title":"hobo moth ","severity":1,"createdAt":1714058333991},{"_id":"q0RDnw","title":"mantis orbweaver ","severity":1,"createdAt":1714058333991}]
27.4.2024, 16:05:02 - INFO - Retrieved bugs successfully | [{"_id":"P68xy2","title":"silverfish ","severity":2,"createdAt":1714058333990},{"_id":"X59s3k","title":"beetle hornet ","severity":1,"createdAt":1714058333991},{"_id":"x55PUj","title":"termite blackwidow ","severity":3,"createdAt":1714058333991},{"_id":"nO2UZJ","title":"gnat crabspider ","severity":2,"createdAt":1714058333991},{"_id":"oy99NH","title":"blackwidow ","severity":3,"createdAt":1714058333991},{"_id":"mDmgJN","title":"orbweaver ","severity":2,"createdAt":1714058333991},{"_id":"9FGXdd","title":"aphid bug ","severity":3,"createdAt":1714058333991},{"_id":"aFTFao","title":"hobo moth ","severity":1,"createdAt":1714058333991},{"_id":"q0RDnw","title":"mantis orbweaver ","severity":1,"createdAt":1714058333991}]
27.4.2024, 16:05:24 - INFO - Retrieved bugs successfully | [{"_id":"P68xy2","title":"silverfish ","severity":2,"createdAt":1714058333990},{"_id":"X59s3k","title":"beetle hornet ","severity":1,"createdAt":1714058333991},{"_id":"x55PUj","title":"termite blackwidow ","severity":3,"createdAt":1714058333991},{"_id":"nO2UZJ","title":"gnat crabspider ","severity":2,"createdAt":1714058333991},{"_id":"oy99NH","title":"blackwidow ","severity":3,"createdAt":1714058333991},{"_id":"mDmgJN","title":"orbweaver ","severity":2,"createdAt":1714058333991},{"_id":"9FGXdd","title":"aphid bug ","severity":3,"createdAt":1714058333991},{"_id":"aFTFao","title":"hobo moth ","severity":1,"createdAt":1714058333991},{"_id":"q0RDnw","title":"mantis orbweaver ","severity":1,"createdAt":1714058333991}]
27.4.2024, 16:05:24 - INFO - Retrieved bugs successfully | [{"_id":"P68xy2","title":"silverfish ","severity":2,"createdAt":1714058333990},{"_id":"X59s3k","title":"beetle hornet ","severity":1,"createdAt":1714058333991},{"_id":"x55PUj","title":"termite blackwidow ","severity":3,"createdAt":1714058333991},{"_id":"nO2UZJ","title":"gnat crabspider ","severity":2,"createdAt":1714058333991},{"_id":"oy99NH","title":"blackwidow ","severity":3,"createdAt":1714058333991},{"_id":"mDmgJN","title":"orbweaver ","severity":2,"createdAt":1714058333991},{"_id":"9FGXdd","title":"aphid bug ","severity":3,"createdAt":1714058333991},{"_id":"aFTFao","title":"hobo moth ","severity":1,"createdAt":1714058333991},{"_id":"q0RDnw","title":"mantis orbweaver ","severity":1,"createdAt":1714058333991}]
27.4.2024, 16:05:51 - INFO - Retrieved bugs successfully | [{"_id":"P68xy2","title":"silverfish ","severity":2,"createdAt":1714058333990},{"_id":"X59s3k","title":"beetle hornet ","severity":1,"createdAt":1714058333991},{"_id":"x55PUj","title":"termite blackwidow ","severity":3,"createdAt":1714058333991},{"_id":"nO2UZJ","title":"gnat crabspider ","severity":2,"createdAt":1714058333991},{"_id":"oy99NH","title":"blackwidow ","severity":3,"createdAt":1714058333991},{"_id":"mDmgJN","title":"orbweaver ","severity":2,"createdAt":1714058333991},{"_id":"9FGXdd","title":"aphid bug ","severity":3,"createdAt":1714058333991},{"_id":"aFTFao","title":"hobo moth ","severity":1,"createdAt":1714058333991},{"_id":"q0RDnw","title":"mantis orbweaver ","severity":1,"createdAt":1714058333991}]
27.4.2024, 16:05:51 - INFO - Retrieved bugs successfully | [{"_id":"P68xy2","title":"silverfish ","severity":2,"createdAt":1714058333990},{"_id":"X59s3k","title":"beetle hornet ","severity":1,"createdAt":1714058333991},{"_id":"x55PUj","title":"termite blackwidow ","severity":3,"createdAt":1714058333991},{"_id":"nO2UZJ","title":"gnat crabspider ","severity":2,"createdAt":1714058333991},{"_id":"oy99NH","title":"blackwidow ","severity":3,"createdAt":1714058333991},{"_id":"mDmgJN","title":"orbweaver ","severity":2,"createdAt":1714058333991},{"_id":"9FGXdd","title":"aphid bug ","severity":3,"createdAt":1714058333991},{"_id":"aFTFao","title":"hobo moth ","severity":1,"createdAt":1714058333991},{"_id":"q0RDnw","title":"mantis orbweaver ","severity":1,"createdAt":1714058333991}]
27.4.2024, 16:05:56 - INFO - Retrieved bugs successfully | [{"_id":"P68xy2","title":"silverfish ","severity":2,"createdAt":1714058333990},{"_id":"X59s3k","title":"beetle hornet ","severity":1,"createdAt":1714058333991},{"_id":"x55PUj","title":"termite blackwidow ","severity":3,"createdAt":1714058333991},{"_id":"nO2UZJ","title":"gnat crabspider ","severity":2,"createdAt":1714058333991},{"_id":"oy99NH","title":"blackwidow ","severity":3,"createdAt":1714058333991},{"_id":"mDmgJN","title":"orbweaver ","severity":2,"createdAt":1714058333991},{"_id":"9FGXdd","title":"aphid bug ","severity":3,"createdAt":1714058333991},{"_id":"aFTFao","title":"hobo moth ","severity":1,"createdAt":1714058333991},{"_id":"q0RDnw","title":"mantis orbweaver ","severity":1,"createdAt":1714058333991}]
27.4.2024, 16:05:58 - INFO - Retrieved bugs successfully | [{"_id":"P68xy2","title":"silverfish ","severity":2,"createdAt":1714058333990},{"_id":"X59s3k","title":"beetle hornet ","severity":1,"createdAt":1714058333991},{"_id":"x55PUj","title":"termite blackwidow ","severity":3,"createdAt":1714058333991},{"_id":"nO2UZJ","title":"gnat crabspider ","severity":2,"createdAt":1714058333991},{"_id":"oy99NH","title":"blackwidow ","severity":3,"createdAt":1714058333991},{"_id":"mDmgJN","title":"orbweaver ","severity":2,"createdAt":1714058333991},{"_id":"9FGXdd","title":"aphid bug ","severity":3,"createdAt":1714058333991},{"_id":"aFTFao","title":"hobo moth ","severity":1,"createdAt":1714058333991},{"_id":"q0RDnw","title":"mantis orbweaver ","severity":1,"createdAt":1714058333991}]
27.4.2024, 16:11:55 - INFO - Retrieved bugs successfully | [{"_id":"P68xy2","title":"silverfish ","severity":2,"createdAt":1714058333990},{"_id":"X59s3k","title":"beetle hornet ","severity":1,"createdAt":1714058333991},{"_id":"x55PUj","title":"termite blackwidow ","severity":3,"createdAt":1714058333991},{"_id":"nO2UZJ","title":"gnat crabspider ","severity":2,"createdAt":1714058333991},{"_id":"oy99NH","title":"blackwidow ","severity":3,"createdAt":1714058333991},{"_id":"mDmgJN","title":"orbweaver ","severity":2,"createdAt":1714058333991},{"_id":"9FGXdd","title":"aphid bug ","severity":3,"createdAt":1714058333991},{"_id":"aFTFao","title":"hobo moth ","severity":1,"createdAt":1714058333991},{"_id":"q0RDnw","title":"mantis orbweaver ","severity":1,"createdAt":1714058333991}]
27.4.2024, 19:45:34 - INFO - Retrieved bugs successfully | [{"_id":"P68xy2","title":"silverfish ","severity":2,"createdAt":1714058333990},{"_id":"X59s3k","title":"beetle hornet ","severity":1,"createdAt":1714058333991},{"_id":"x55PUj","title":"termite blackwidow ","severity":3,"createdAt":1714058333991},{"_id":"nO2UZJ","title":"gnat crabspider ","severity":2,"createdAt":1714058333991},{"_id":"oy99NH","title":"blackwidow ","severity":3,"createdAt":1714058333991},{"_id":"mDmgJN","title":"orbweaver ","severity":2,"createdAt":1714058333991},{"_id":"9FGXdd","title":"aphid bug ","severity":3,"createdAt":1714058333991},{"_id":"aFTFao","title":"hobo moth ","severity":1,"createdAt":1714058333991},{"_id":"q0RDnw","title":"mantis orbweaver ","severity":1,"createdAt":1714058333991}]
6.5.2024, 13:42:54 - INFO - Server is running on http://localhost:3030
6.5.2024, 13:48:35 - INFO - Retrieved bugs successfully | [{"_id":"P68xy2","title":"silverfish ","severity":2,"createdAt":1714058333990},{"_id":"X59s3k","title":"beetle hornet ","severity":1,"createdAt":1714058333991},{"_id":"x55PUj","title":"termite blackwidow ","severity":3,"createdAt":1714058333991},{"_id":"nO2UZJ","title":"gnat crabspider ","severity":2,"createdAt":1714058333991},{"_id":"oy99NH","title":"blackwidow ","severity":3,"createdAt":1714058333991},{"_id":"mDmgJN","title":"orbweaver ","severity":2,"createdAt":1714058333991},{"_id":"9FGXdd","title":"aphid bug ","severity":3,"createdAt":1714058333991},{"_id":"aFTFao","title":"hobo moth ","severity":1,"createdAt":1714058333991},{"_id":"q0RDnw","title":"mantis orbweaver ","severity":1,"createdAt":1714058333991}]
6.5.2024, 13:49:01 - INFO - Bug removed successfully | P68xy2
6.5.2024, 13:49:07 - WARN - Bug not found | P68xy2
6.5.2024, 13:49:12 - INFO - Retrieved bugs successfully | [{"_id":"X59s3k","title":"beetle hornet ","severity":1,"createdAt":1714058333991},{"_id":"x55PUj","title":"termite blackwidow ","severity":3,"createdAt":1714058333991},{"_id":"nO2UZJ","title":"gnat crabspider ","severity":2,"createdAt":1714058333991},{"_id":"oy99NH","title":"blackwidow ","severity":3,"createdAt":1714058333991},{"_id":"mDmgJN","title":"orbweaver ","severity":2,"createdAt":1714058333991},{"_id":"9FGXdd","title":"aphid bug ","severity":3,"createdAt":1714058333991},{"_id":"aFTFao","title":"hobo moth ","severity":1,"createdAt":1714058333991},{"_id":"q0RDnw","title":"mantis orbweaver ","severity":1,"createdAt":1714058333991}]
6.5.2024, 13:49:59 - INFO - Retrieved bugs successfully | [{"_id":"X59s3k","title":"beetle hornet ","severity":1,"createdAt":1714058333991},{"_id":"x55PUj","title":"termite blackwidow ","severity":3,"createdAt":1714058333991},{"_id":"nO2UZJ","title":"gnat crabspider ","severity":2,"createdAt":1714058333991},{"_id":"oy99NH","title":"blackwidow ","severity":3,"createdAt":1714058333991},{"_id":"mDmgJN","title":"orbweaver ","severity":2,"createdAt":1714058333991},{"_id":"9FGXdd","title":"aphid bug ","severity":3,"createdAt":1714058333991},{"_id":"aFTFao","title":"hobo moth ","severity":1,"createdAt":1714058333991},{"_id":"q0RDnw","title":"mantis orbweaver ","severity":1,"createdAt":1714058333991}]
6.5.2024, 13:50:10 - INFO - Retrieved bugs successfully | [{"_id":"X59s3k","title":"beetle hornet ","severity":1,"createdAt":1714058333991},{"_id":"x55PUj","title":"termite blackwidow ","severity":3,"createdAt":1714058333991},{"_id":"nO2UZJ","title":"gnat crabspider ","severity":2,"createdAt":1714058333991},{"_id":"oy99NH","title":"blackwidow ","severity":3,"createdAt":1714058333991},{"_id":"mDmgJN","title":"orbweaver ","severity":2,"createdAt":1714058333991},{"_id":"9FGXdd","title":"aphid bug ","severity":3,"createdAt":1714058333991},{"_id":"aFTFao","title":"hobo moth ","severity":1,"createdAt":1714058333991},{"_id":"q0RDnw","title":"mantis orbweaver ","severity":1,"createdAt":1714058333991}]
6.5.2024, 13:51:11 - INFO - Retrieved bugs successfully | [{"_id":"X59s3k","title":"beetle hornet ","severity":1,"createdAt":1714058333991},{"_id":"x55PUj","title":"termite blackwidow ","severity":3,"createdAt":1714058333991},{"_id":"nO2UZJ","title":"gnat crabspider ","severity":2,"createdAt":1714058333991},{"_id":"oy99NH","title":"blackwidow ","severity":3,"createdAt":1714058333991},{"_id":"mDmgJN","title":"orbweaver ","severity":2,"createdAt":1714058333991},{"_id":"9FGXdd","title":"aphid bug ","severity":3,"createdAt":1714058333991},{"_id":"aFTFao","title":"hobo moth ","severity":1,"createdAt":1714058333991},{"_id":"q0RDnw","title":"mantis orbweaver ","severity":1,"createdAt":1714058333991}]
6.5.2024, 13:51:17 - INFO - Retrieved bugs successfully | [{"_id":"X59s3k","title":"beetle hornet ","severity":1,"createdAt":1714058333991},{"_id":"x55PUj","title":"termite blackwidow ","severity":3,"createdAt":1714058333991},{"_id":"nO2UZJ","title":"gnat crabspider ","severity":2,"createdAt":1714058333991},{"_id":"oy99NH","title":"blackwidow ","severity":3,"createdAt":1714058333991},{"_id":"mDmgJN","title":"orbweaver ","severity":2,"createdAt":1714058333991},{"_id":"9FGXdd","title":"aphid bug ","severity":3,"createdAt":1714058333991},{"_id":"aFTFao","title":"hobo moth ","severity":1,"createdAt":1714058333991},{"_id":"q0RDnw","title":"mantis orbweaver ","severity":1,"createdAt":1714058333991}]
6.5.2024, 13:51:41 - INFO - Retrieved bugs successfully | [{"_id":"X59s3k","title":"beetle hornet ","severity":1,"createdAt":1714058333991},{"_id":"x55PUj","title":"termite blackwidow ","severity":3,"createdAt":1714058333991},{"_id":"nO2UZJ","title":"gnat crabspider ","severity":2,"createdAt":1714058333991},{"_id":"oy99NH","title":"blackwidow ","severity":3,"createdAt":1714058333991},{"_id":"mDmgJN","title":"orbweaver ","severity":2,"createdAt":1714058333991},{"_id":"9FGXdd","title":"aphid bug ","severity":3,"createdAt":1714058333991},{"_id":"aFTFao","title":"hobo moth ","severity":1,"createdAt":1714058333991},{"_id":"q0RDnw","title":"mantis orbweaver ","severity":1,"createdAt":1714058333991}]
6.5.2024, 14:07:23 - INFO - Server is running on http://localhost:3030
6.5.2024, 14:07:32 - INFO - Retrieved bugs successfully , number of bugs: | 8
6.5.2024, 14:07:48 - INFO - Retrieved bug successfully | {"_id":"X59s3k","title":"beetle hornet ","severity":1,"createdAt":1714058333991}
6.5.2024, 14:08:20 - INFO - Retrieved bug successfully | {"_id":"X59s3k","title":"beetle hornet ","severity":1,"createdAt":1714058333991}
6.5.2024, 14:08:31 - INFO - Retrieved bug successfully | {"_id":"X59s3k","title":"beetle hornet ","severity":1,"createdAt":1714058333991}
6.5.2024, 14:08:36 - INFO - Server is running on http://localhost:3030
6.5.2024, 14:08:49 - INFO - Server is running on http://localhost:3030
6.5.2024, 14:09:08 - INFO - Retrieved bug successfully | X59s3k
6.5.2024, 14:10:18 - INFO - Bug removed successfully | X59s3k
6.5.2024, 14:12:09 - INFO - Retrieved bugs successfully , number of bugs: | 7
6.5.2024, 14:12:23 - INFO - Retrieved bugs successfully , number of bugs: | 7
6.5.2024, 14:12:31 - INFO - Retrieved bugs successfully , number of bugs: | 7
6.5.2024, 14:12:58 - INFO - Retrieved bugs successfully , number of bugs: | 7
6.5.2024, 14:13:29 - INFO - Retrieved bugs successfully , number of bugs: | 7
6.5.2024, 14:13:49 - INFO - Retrieved bugs successfully , number of bugs: | 7
6.5.2024, 14:13:59 - INFO - Retrieved bugs successfully , number of bugs: | 7
6.5.2024, 14:13:59 - INFO - Retrieved bugs successfully , number of bugs: | 7
6.5.2024, 14:14:18 - INFO - Retrieved bugs successfully , number of bugs: | 7
6.5.2024, 14:14:53 - INFO - Retrieved bugs successfully , number of bugs: | 7
6.5.2024, 14:15:14 - INFO - Retrieved bugs successfully , number of bugs: | 7
6.5.2024, 14:15:26 - INFO - Retrieved bugs successfully , number of bugs: | 7
6.5.2024, 14:15:39 - INFO - Retrieved bugs successfully , number of bugs: | 7
6.5.2024, 14:16:27 - INFO - Retrieved bugs successfully , number of bugs: | 7
6.5.2024, 14:16:33 - INFO - Retrieved bugs successfully , number of bugs: | 7
6.5.2024, 14:16:57 - INFO - Retrieved bugs successfully , number of bugs: | 7
6.5.2024, 14:16:59 - INFO - Bug removed successfully | x55PUj
6.5.2024, 14:17:02 - INFO - Retrieved bugs successfully , number of bugs: | 6
6.5.2024, 14:17:07 - INFO - Bug removed successfully | oy99NH
6.5.2024, 14:17:09 - INFO - Bug removed successfully | mDmgJN
6.5.2024, 14:17:09 - INFO - Bug removed successfully | 9FGXdd
6.5.2024, 14:17:10 - INFO - Bug removed successfully | aFTFao
6.5.2024, 14:17:11 - INFO - Bug removed successfully | nO2UZJ
6.5.2024, 14:17:12 - INFO - Bug removed successfully | q0RDnw
6.5.2024, 14:17:14 - INFO - Retrieved bugs successfully , number of bugs: | 0
6.5.2024, 14:17:28 - INFO - Server is running on http://localhost:3030
6.5.2024, 14:17:31 - INFO - Retrieved bugs successfully , number of bugs: | 0
6.5.2024, 14:17:32 - INFO - Retrieved bugs successfully , number of bugs: | 0
6.5.2024, 14:18:18 - INFO - Retrieved bugs successfully , number of bugs: | 0
6.5.2024, 14:18:50 - INFO - Server is running on http://localhost:3030
6.5.2024, 14:18:51 - INFO - Retrieved bugs successfully , number of bugs: | 9
6.5.2024, 14:18:52 - INFO - Retrieved bugs successfully , number of bugs: | 9
6.5.2024, 14:18:53 - INFO - Bug removed successfully | P68xy2
6.5.2024, 14:27:21 - INFO - Retrieved bugs successfully , number of bugs: | 8
6.5.2024, 14:27:27 - INFO - Retrieved bugs successfully , number of bugs: | 8
6.5.2024, 14:28:32 - ERROR - Error saving bug: | TypeError: bugService.post is not a function
6.5.2024, 14:28:51 - ERROR - Error saving bug: | TypeError: bugService.post is not a function
6.5.2024, 14:28:55 - ERROR - Error saving bug: | TypeError: bugService.post is not a function
6.5.2024, 14:29:08 - ERROR - Error saving bug: | TypeError: bugService.post is not a function
6.5.2024, 14:29:10 - ERROR - Error saving bug: | TypeError: bugService.post is not a function
6.5.2024, 14:33:01 - ERROR - Error saving bug: | TypeError: bugService.post is not a function
6.5.2024, 14:33:07 - INFO - Server is running on http://localhost:3030
6.5.2024, 14:33:09 - INFO - Saving bug: | {"_id":"1","title":"bug1","severity":"3"}
6.5.2024, 14:33:09 - ERROR - Error saving bug: | Cant find bug with _id 1
6.5.2024, 14:34:17 - INFO - Saving bug: | {"_id":"1D","title":"bug1","severity":"3"}
6.5.2024, 14:34:17 - ERROR - Error saving bug: | Cant find bug with _id 1D
6.5.2024, 14:35:08 - INFO - Saving bug: | {"title":"bug1","severity":"3"}
6.5.2024, 14:35:08 - INFO - Bug saved successfully | soiHMW
6.5.2024, 14:35:14 - INFO - Retrieved bugs successfully , number of bugs: | 9
6.5.2024, 14:38:26 - INFO - Retrieved bugs successfully , number of bugs: | 9
6.5.2024, 14:39:17 - INFO - Saving bug: | {"_id":"X59s3k","title":"bug test ","severity":"69"}
6.5.2024, 14:39:17 - INFO - Bug saved successfully | X59s3k
6.5.2024, 14:39:28 - INFO - Retrieved bugs successfully , number of bugs: | 9
6.5.2024, 14:41:36 - INFO - Saving bug: | {"_id":"X59s3k","title":"beetle hornet ","severity":"0","createdAt":"1714058333991"}
6.5.2024, 14:41:36 - INFO - Bug saved successfully | X59s3k
6.5.2024, 14:41:43 - INFO - Retrieved bugs successfully , number of bugs: | 9
6.5.2024, 14:41:52 - INFO - Saving bug: | {"_id":"X59s3k","title":"beetle hornet ","severity":"77"}
6.5.2024, 14:41:52 - INFO - Bug saved successfully | X59s3k
6.5.2024, 14:42:46 - INFO - Retrieved bugs successfully , number of bugs: | 9
6.5.2024, 14:42:53 - INFO - Saving bug: | {"_id":"X59s3k","title":"beetle hornet ","severity":"0"}
6.5.2024, 14:42:53 - INFO - Bug saved successfully | X59s3k
6.5.2024, 14:43:20 - INFO - Retrieved bugs successfully , number of bugs: | 9
6.5.2024, 14:43:33 - INFO - Saving bug: | {"_id":"X59s3k","title":"beetle hornet ","severity":"3"}
6.5.2024, 14:43:33 - INFO - Bug saved successfully | X59s3k
6.5.2024, 14:44:36 - INFO - Saving bug: | {"title":"barrr","severity":"3"}
6.5.2024, 14:44:36 - INFO - Bug saved successfully | NIhUfj
6.5.2024, 14:44:42 - INFO - Retrieved bugs successfully , number of bugs: | 10
6.5.2024, 15:11:06 - INFO - Bug removed successfully | X59s3k
6.5.2024, 15:11:09 - INFO - Bug removed successfully | soiHMW
6.5.2024, 15:11:11 - INFO - Retrieved bugs successfully , number of bugs: | 8
6.5.2024, 15:11:52 - INFO - Retrieved bugs successfully , number of bugs: | 8
6.5.2024, 15:55:04 - INFO - Bug removed successfully | x55PUj
6.5.2024, 15:55:12 - INFO - Bug removed successfully | nO2UZJ
6.5.2024, 15:55:32 - INFO - Bug removed successfully | oy99NH
6.5.2024, 16:16:37 - INFO - Retrieved bugs successfully , number of bugs: | 5
6.5.2024, 16:16:51 - INFO - Saving bug: | {"title":"ggg","severity":"4","description":"dddsssfffff"}
6.5.2024, 16:16:51 - INFO - Bug saved successfully | RqQrhf
6.5.2024, 16:17:06 - INFO - Retrieved bug successfully | RqQrhf
6.5.2024, 16:17:45 - INFO - Saving bug: | {"title":"tttt","severity":"44","description":"666tttt"}
6.5.2024, 16:17:45 - INFO - Bug saved successfully | 8vsNQG
6.5.2024, 16:17:54 - INFO - Retrieved bug successfully | 8vsNQG
6.5.2024, 16:18:56 - INFO - Server is running on http://localhost:3030
6.5.2024, 16:19:32 - INFO - Server is running on http://localhost:3030
6.5.2024, 16:19:43 - INFO - Retrieved bug successfully | 8vsNQG
6.5.2024, 16:19:55 - INFO - Bug saved successfully | VLu4wP
6.5.2024, 16:20:03 - INFO - Retrieved bug successfully | VLu4wP
6.5.2024, 16:21:05 - INFO - Retrieved bugs successfully , number of bugs: | 8
6.5.2024, 16:21:08 - INFO - Retrieved bug successfully | mDmgJN
6.5.2024, 16:21:10 - INFO - Retrieved bugs successfully , number of bugs: | 8
6.5.2024, 16:21:22 - INFO - Retrieved bugs successfully , number of bugs: | 8
6.5.2024, 16:21:27 - INFO - Retrieved bug successfully | VLu4wP
6.5.2024, 16:26:24 - INFO - Retrieved bugs successfully , number of bugs: | 8
6.5.2024, 16:26:46 - INFO - Retrieved bugs successfully , number of bugs: | 8
6.5.2024, 16:26:51 - INFO - Retrieved bugs successfully , number of bugs: | 8
6.5.2024, 16:27:01 - INFO - Retrieved bugs successfully , number of bugs: | 8
6.5.2024, 16:28:27 - INFO - Retrieved bugs successfully , number of bugs: | 8
6.5.2024, 16:28:27 - INFO - Retrieved bugs successfully , number of bugs: | 8
6.5.2024, 16:28:36 - INFO - Retrieved bugs successfully , number of bugs: | 8
6.5.2024, 16:28:36 - INFO - Retrieved bugs successfully , number of bugs: | 8
6.5.2024, 16:29:57 - INFO - Retrieved bugs successfully , number of bugs: | 8
6.5.2024, 16:30:02 - INFO - Retrieved bugs successfully , number of bugs: | 8
6.5.2024, 16:30:17 - INFO - Retrieved bugs successfully , number of bugs: | 8
6.5.2024, 16:30:18 - INFO - Retrieved bugs successfully , number of bugs: | 8
6.5.2024, 16:30:19 - INFO - Retrieved bugs successfully , number of bugs: | 8
6.5.2024, 16:30:29 - INFO - Retrieved bugs successfully , number of bugs: | 8
6.5.2024, 16:30:30 - INFO - Retrieved bugs successfully , number of bugs: | 8
6.5.2024, 16:30:31 - INFO - Retrieved bugs successfully , number of bugs: | 8
6.5.2024, 16:30:32 - INFO - Retrieved bugs successfully , number of bugs: | 8
6.5.2024, 16:32:37 - INFO - Retrieved bugs successfully , number of bugs: | 8
6.5.2024, 16:32:38 - INFO - Retrieved bugs successfully , number of bugs: | 8
6.5.2024, 16:32:38 - INFO - Retrieved bugs successfully , number of bugs: | 8
6.5.2024, 16:32:39 - INFO - Retrieved bugs successfully , number of bugs: | 8
6.5.2024, 16:32:42 - INFO - Retrieved bugs successfully , number of bugs: | 8
6.5.2024, 16:32:44 - INFO - Retrieved bugs successfully , number of bugs: | 8
6.5.2024, 16:32:46 - INFO - Retrieved bugs successfully , number of bugs: | 8
6.5.2024, 18:47:36 - INFO - Server is running on http://localhost:3030
6.5.2024, 18:47:43 - INFO - Server is running on http://localhost:3030
6.5.2024, 18:48:29 - INFO - Server is running on http://localhost:3030
6.5.2024, 18:49:57 - INFO - Server is running on http://localhost:3030
6.5.2024, 18:50:07 - INFO - Server is running on http://localhost:3030
6.5.2024, 18:50:26 - INFO - Server is running on http://localhost:3030
6.5.2024, 18:50:55 - INFO - Retrieved bug successfully | VLu4wP
6.5.2024, 18:50:56 - INFO - Retrieved bug successfully | VLu4wP
6.5.2024, 18:50:57 - INFO - Retrieved bug successfully | VLu4wP
6.5.2024, 18:50:57 - INFO - Retrieved bug successfully | VLu4wP
6.5.2024, 18:50:58 - INFO - Retrieved bug successfully | VLu4wP
6.5.2024, 18:51:35 - INFO - Retrieved bug successfully | VLu4wP
6.5.2024, 18:51:41 - INFO - Server is running on http://localhost:3030
6.5.2024, 18:55:34 - INFO - Server is running on http://localhost:3030
6.5.2024, 18:58:07 - INFO - Server is running on http://localhost:3030
6.5.2024, 18:58:24 - INFO - Server is running on http://localhost:3030
6.5.2024, 18:58:34 - INFO - Visited bugs: | ["VLu4wP"]
6.5.2024, 18:58:34 - INFO - Retrieved bug successfully | VLu4wP
6.5.2024, 18:58:37 - INFO - Retrieved bugs successfully , number of bugs: | 8
6.5.2024, 18:58:42 - INFO - Visited bugs: | ["mDmgJN"]
6.5.2024, 18:58:42 - INFO - Retrieved bug successfully | mDmgJN
6.5.2024, 18:58:45 - INFO - Retrieved bugs successfully , number of bugs: | 8
6.5.2024, 18:58:49 - INFO - Visited bugs: | ["9FGXdd"]
6.5.2024, 18:58:49 - INFO - Retrieved bug successfully | 9FGXdd
6.5.2024, 18:58:53 - INFO - Retrieved bugs successfully , number of bugs: | 8
6.5.2024, 18:58:57 - INFO - Visited bugs: | ["aFTFao"]
6.5.2024, 18:58:57 - INFO - Retrieved bug successfully | aFTFao
6.5.2024, 18:59:00 - WARN - Bug already visited: | aFTFao
6.5.2024, 18:59:01 - WARN - Bug already visited: | aFTFao
6.5.2024, 18:59:02 - WARN - Bug already visited: | aFTFao
6.5.2024, 18:59:03 - WARN - Bug already visited: | aFTFao
6.5.2024, 18:59:03 - WARN - Bug already visited: | aFTFao
6.5.2024, 18:59:04 - WARN - Bug already visited: | aFTFao
6.5.2024, 18:59:04 - INFO - Visited bugs: | ["aFTFao"]
6.5.2024, 18:59:04 - INFO - Retrieved bug successfully | aFTFao
6.5.2024, 18:59:06 - WARN - Bug already visited: | aFTFao
6.5.2024, 18:59:07 - WARN - Bug already visited: | aFTFao
6.5.2024, 18:59:08 - WARN - Bug already visited: | aFTFao
6.5.2024, 18:59:08 - WARN - Bug already visited: | aFTFao
6.5.2024, 18:59:08 - WARN - Bug already visited: | aFTFao
6.5.2024, 18:59:09 - WARN - Bug already visited: | aFTFao
6.5.2024, 18:59:09 - WARN - Bug already visited: | aFTFao
6.5.2024, 18:59:10 - WARN - Bug already visited: | aFTFao
6.5.2024, 18:59:10 - WARN - Bug already visited: | aFTFao
6.5.2024, 18:59:10 - WARN - Bug already visited: | aFTFao
6.5.2024, 18:59:11 - WARN - Bug already visited: | aFTFao
6.5.2024, 18:59:11 - WARN - Bug already visited: | aFTFao
6.5.2024, 18:59:12 - INFO - Visited bugs: | ["aFTFao"]
6.5.2024, 18:59:12 - INFO - Retrieved bug successfully | aFTFao
6.5.2024, 18:59:12 - WARN - Bug already visited: | aFTFao
6.5.2024, 18:59:13 - WARN - Bug already visited: | aFTFao
6.5.2024, 18:59:14 - WARN - Bug already visited: | aFTFao
6.5.2024, 18:59:15 - WARN - Bug already visited: | aFTFao
6.5.2024, 18:59:16 - WARN - Bug already visited: | aFTFao
6.5.2024, 18:59:17 - WARN - Bug already visited: | aFTFao
6.5.2024, 18:59:17 - WARN - Bug already visited: | aFTFao
6.5.2024, 18:59:18 - WARN - Bug already visited: | aFTFao
6.5.2024, 18:59:19 - WARN - Bug already visited: | aFTFao
6.5.2024, 18:59:19 - INFO - Visited bugs: | ["aFTFao"]
6.5.2024, 18:59:19 - INFO - Retrieved bug successfully | aFTFao
6.5.2024, 18:59:23 - WARN - Bug already visited: | aFTFao
6.5.2024, 18:59:25 - WARN - Bug already visited: | aFTFao
6.5.2024, 18:59:25 - WARN - Bug already visited: | aFTFao
6.5.2024, 19:01:01 - INFO - Retrieved bugs successfully , number of bugs: | 8
6.5.2024, 19:01:26 - INFO - Visited bugs: | ["NIhUfj"]
6.5.2024, 19:01:26 - INFO - Retrieved bug successfully | NIhUfj
6.5.2024, 19:01:31 - INFO - Visited bugs: | ["NIhUfj","9FGXdd"]
6.5.2024, 19:01:31 - INFO - Retrieved bug successfully | 9FGXdd
6.5.2024, 19:01:35 - INFO - Visited bugs: | ["NIhUfj","9FGXdd","mDmgJN"]
6.5.2024, 19:01:35 - INFO - Retrieved bug successfully | mDmgJN
6.5.2024, 19:01:39 - WARN - User exceeded the limit of 3 visited bugs
6.5.2024, 19:02:15 - INFO - Server is running on http://localhost:3030
6.5.2024, 19:02:22 - INFO - Visited bugs: | ["aFTFao"]
6.5.2024, 19:02:22 - INFO - Retrieved bug successfully | aFTFao
